<?xml version="1.0" encoding="UTF-8"?>
<!-- Generated by org.testng.reporters.JUnitReportReporter -->
<testsuite hostname="DESKTOP-QIQGLAR" failures="0" tests="1" name="testng.SecondClass" time="0.009" errors="0" timestamp="2022-11-14T23:13:33 IST" skipped="0">
  <testcase classname="testng.SecondClass" name="remo" time="0.009"/>
  <system-out/>
</testsuite> <!-- testng.SecondClass -->
