<?xml version="1.0" encoding="UTF-8"?>
<!-- Generated by org.testng.reporters.JUnitReportReporter -->
<testsuite hostname="DESKTOP-QIQGLAR" failures="0" tests="1" name="testng.Firstclass$FirstClass" time="0.010" errors="0" timestamp="2022-11-14T23:11:08 IST" skipped="0">
  <testcase classname="testng.Firstclass$FirstClass" name="demo" time="0.010"/>
  <system-out/>
</testsuite> <!-- testng.Firstclass$FirstClass -->
