<?xml version="1.0" encoding="UTF-8"?>
<!-- Generated by org.testng.reporters.JUnitReportReporter -->
<testsuite hostname="DESKTOP-QIQGLAR" failures="0" tests="5" name="testng.Practice" time="0.026" errors="0" timestamp="2023-01-21T14:45:21 IST" skipped="0">
  <testcase classname="testng.Practice" name="g" time="0.010"/>
  <system-out>
    <![CDATA[g]]>
  </system-out>
  <testcase classname="testng.Practice" name="h" time="0.002"/>
  <system-out>
    <![CDATA[h]]>
  </system-out>
  <testcase classname="testng.Practice" name="b" time="0.004"/>
  <system-out>
    <![CDATA[b]]>
  </system-out>
  <testcase classname="testng.Practice" name="p" time="0.008"/>
  <system-out>
    <![CDATA[p]]>
  </system-out>
  <testcase classname="testng.Practice" name="z" time="0.002"/>
  <system-out>
    <![CDATA[z]]>
  </system-out>
</testsuite> <!-- testng.Practice -->
